<?xml version="1.0" encoding="UTF-8"?>
<!-- Generated by org.testng.reporters.JUnitXMLReporter -->
<testsuite ignored="0" hostname="LTIN534102" failures="0" tests="12" name="Test2" time="121.968" errors="0" timestamp="2024-02-19T11:40:48 IST">
  <testcase classname="TestCases.TC001_HomePageTest" name="test1" time="5.471"/>
  <testcase classname="TestCases.TC002_TravelDetailsTest" name="test2" time="2.36"/>
  <testcase classname="TestCases.TC002_TravelDetailsTest" name="test3" time="0.125"/>
  <testcase classname="TestCases.TC002_TravelDetailsTest" name="test4" time="4.942"/>
  <testcase classname="TestCases.TC002_TravelDetailsTest" name="test5" time="2.677"/>
  <testcase classname="TestCases.TC002_TravelDetailsTest" name="test6" time="0.152"/>
  <testcase classname="TestCases.TC002_TravelDetailsTest" name="test7" time="1.325"/>
  <testcase classname="TestCases.TC002_TravelDetailsTest" name="test8" time="30.773"/>
  <testcase classname="TestCases.TC003_CarInsuranceTest" name="test9" time="3.377"/>
  <testcase classname="TestCases.TC003_CarInsuranceTest" name="test10" time="11.524"/>
  <testcase classname="TestCases.TC003_CarInsuranceTest" name="test11" time="11.784"/>
  <testcase classname="TestCases.TC006_HealthInsuranceNewTest" name="test12" time="5.937"/>
</testsuite> <!-- Test2 -->
