<?xml version="1.0" encoding="UTF-8"?>
<testng-results ignored="0" total="24" passed="24" failed="0" skipped="0">
  <reporter-output>
  </reporter-output>
  <suite started-at="2024-02-19T11:36:40 IST" name="Suite" finished-at="2024-02-19T11:40:47 IST" duration-ms="247706">
    <groups>
      <group name="Master">
        <method signature="TC001_HomePageTest.test1()[pri:1, instance:TestCases.TC006_HealthInsuranceNewTest@6e9a5ed8]" name="test1" class="TestCases.TC001_HomePageTest"/>
        <method signature="TC002_TravelDetailsTest.test2()[pri:2, instance:TestCases.TC006_HealthInsuranceNewTest@6e9a5ed8]" name="test2" class="TestCases.TC002_TravelDetailsTest"/>
        <method signature="TC002_TravelDetailsTest.test3()[pri:3, instance:TestCases.TC006_HealthInsuranceNewTest@6e9a5ed8]" name="test3" class="TestCases.TC002_TravelDetailsTest"/>
        <method signature="TC002_TravelDetailsTest.test4()[pri:4, instance:TestCases.TC006_HealthInsuranceNewTest@6e9a5ed8]" name="test4" class="TestCases.TC002_TravelDetailsTest"/>
        <method signature="TC002_TravelDetailsTest.test5()[pri:5, instance:TestCases.TC006_HealthInsuranceNewTest@6e9a5ed8]" name="test5" class="TestCases.TC002_TravelDetailsTest"/>
        <method signature="TC002_TravelDetailsTest.test6()[pri:6, instance:TestCases.TC006_HealthInsuranceNewTest@6e9a5ed8]" name="test6" class="TestCases.TC002_TravelDetailsTest"/>
        <method signature="TC002_TravelDetailsTest.test7()[pri:7, instance:TestCases.TC006_HealthInsuranceNewTest@6e9a5ed8]" name="test7" class="TestCases.TC002_TravelDetailsTest"/>
        <method signature="TC002_TravelDetailsTest.test8()[pri:8, instance:TestCases.TC006_HealthInsuranceNewTest@6e9a5ed8]" name="test8" class="TestCases.TC002_TravelDetailsTest"/>
        <method signature="TC003_CarInsuranceTest.test9()[pri:9, instance:TestCases.TC006_HealthInsuranceNewTest@6e9a5ed8]" name="test9" class="TestCases.TC003_CarInsuranceTest"/>
        <method signature="TC003_CarInsuranceTest.test10()[pri:10, instance:TestCases.TC006_HealthInsuranceNewTest@6e9a5ed8]" name="test10" class="TestCases.TC003_CarInsuranceTest"/>
        <method signature="TC003_CarInsuranceTest.test11()[pri:11, instance:TestCases.TC006_HealthInsuranceNewTest@6e9a5ed8]" name="test11" class="TestCases.TC003_CarInsuranceTest"/>
        <method signature="TC006_HealthInsuranceNewTest.test12()[pri:12, instance:TestCases.TC006_HealthInsuranceNewTest@6e9a5ed8]" name="test12" class="TestCases.TC006_HealthInsuranceNewTest"/>
        <method signature="TC001_HomePageTest.test1()[pri:1, instance:TestCases.TC006_HealthInsuranceNewTest@5965d37]" name="test1" class="TestCases.TC001_HomePageTest"/>
        <method signature="TC002_TravelDetailsTest.test2()[pri:2, instance:TestCases.TC006_HealthInsuranceNewTest@5965d37]" name="test2" class="TestCases.TC002_TravelDetailsTest"/>
        <method signature="TC002_TravelDetailsTest.test3()[pri:3, instance:TestCases.TC006_HealthInsuranceNewTest@5965d37]" name="test3" class="TestCases.TC002_TravelDetailsTest"/>
        <method signature="TC002_TravelDetailsTest.test4()[pri:4, instance:TestCases.TC006_HealthInsuranceNewTest@5965d37]" name="test4" class="TestCases.TC002_TravelDetailsTest"/>
        <method signature="TC002_TravelDetailsTest.test5()[pri:5, instance:TestCases.TC006_HealthInsuranceNewTest@5965d37]" name="test5" class="TestCases.TC002_TravelDetailsTest"/>
        <method signature="TC002_TravelDetailsTest.test6()[pri:6, instance:TestCases.TC006_HealthInsuranceNewTest@5965d37]" name="test6" class="TestCases.TC002_TravelDetailsTest"/>
        <method signature="TC002_TravelDetailsTest.test7()[pri:7, instance:TestCases.TC006_HealthInsuranceNewTest@5965d37]" name="test7" class="TestCases.TC002_TravelDetailsTest"/>
        <method signature="TC002_TravelDetailsTest.test8()[pri:8, instance:TestCases.TC006_HealthInsuranceNewTest@5965d37]" name="test8" class="TestCases.TC002_TravelDetailsTest"/>
        <method signature="TC003_CarInsuranceTest.test9()[pri:9, instance:TestCases.TC006_HealthInsuranceNewTest@5965d37]" name="test9" class="TestCases.TC003_CarInsuranceTest"/>
        <method signature="TC003_CarInsuranceTest.test10()[pri:10, instance:TestCases.TC006_HealthInsuranceNewTest@5965d37]" name="test10" class="TestCases.TC003_CarInsuranceTest"/>
        <method signature="TC003_CarInsuranceTest.test11()[pri:11, instance:TestCases.TC006_HealthInsuranceNewTest@5965d37]" name="test11" class="TestCases.TC003_CarInsuranceTest"/>
        <method signature="TC006_HealthInsuranceNewTest.test12()[pri:12, instance:TestCases.TC006_HealthInsuranceNewTest@5965d37]" name="test12" class="TestCases.TC006_HealthInsuranceNewTest"/>
      </group> <!-- Master -->
    </groups>
    <test started-at="2024-02-19T11:36:40 IST" name="Test" finished-at="2024-02-19T11:38:45 IST" duration-ms="125425">
      <class name="TestCases.TC006_HealthInsuranceNewTest">
        <test-method is-config="true" signature="Setup(java.lang.String,java.lang.String)[pri:0, instance:TestCases.TC006_HealthInsuranceNewTest@6e9a5ed8]" started-at="2024-02-19T11:36:40 IST" name="Setup" finished-at="2024-02-19T11:37:17 IST" duration-ms="37294" status="PASS">
          <params>
            <param index="0">
              <value>
                <![CDATA[chrome]]>
              </value>
            </param>
            <param index="1">
              <value>
                <![CDATA[Windows]]>
              </value>
            </param>
          </params>
          <reporter-output>
          </reporter-output>
        </test-method> <!-- Setup -->
        <test-method signature="test1()[pri:1, instance:TestCases.TC006_HealthInsuranceNewTest@6e9a5ed8]" started-at="2024-02-19T11:37:17 IST" name="test1" finished-at="2024-02-19T11:37:24 IST" duration-ms="6695" status="PASS">
          <reporter-output>
          </reporter-output>
        </test-method> <!-- test1 -->
        <test-method signature="test2()[pri:2, instance:TestCases.TC006_HealthInsuranceNewTest@6e9a5ed8]" started-at="2024-02-19T11:37:24 IST" name="test2" finished-at="2024-02-19T11:37:27 IST" duration-ms="2497" status="PASS">
          <reporter-output>
          </reporter-output>
        </test-method> <!-- test2 -->
        <test-method signature="test3()[pri:3, instance:TestCases.TC006_HealthInsuranceNewTest@6e9a5ed8]" started-at="2024-02-19T11:37:27 IST" name="test3" finished-at="2024-02-19T11:37:27 IST" duration-ms="140" status="PASS">
          <reporter-output>
          </reporter-output>
        </test-method> <!-- test3 -->
        <test-method signature="test4()[pri:4, instance:TestCases.TC006_HealthInsuranceNewTest@6e9a5ed8]" started-at="2024-02-19T11:37:27 IST" name="test4" finished-at="2024-02-19T11:37:32 IST" duration-ms="5010" status="PASS">
          <reporter-output>
          </reporter-output>
        </test-method> <!-- test4 -->
        <test-method signature="test5()[pri:5, instance:TestCases.TC006_HealthInsuranceNewTest@6e9a5ed8]" started-at="2024-02-19T11:37:33 IST" name="test5" finished-at="2024-02-19T11:37:35 IST" duration-ms="2743" status="PASS">
          <reporter-output>
          </reporter-output>
        </test-method> <!-- test5 -->
        <test-method signature="test6()[pri:6, instance:TestCases.TC006_HealthInsuranceNewTest@6e9a5ed8]" started-at="2024-02-19T11:37:36 IST" name="test6" finished-at="2024-02-19T11:37:36 IST" duration-ms="138" status="PASS">
          <reporter-output>
          </reporter-output>
        </test-method> <!-- test6 -->
        <test-method signature="test7()[pri:7, instance:TestCases.TC006_HealthInsuranceNewTest@6e9a5ed8]" started-at="2024-02-19T11:37:36 IST" name="test7" finished-at="2024-02-19T11:37:37 IST" duration-ms="974" status="PASS">
          <reporter-output>
          </reporter-output>
        </test-method> <!-- test7 -->
        <test-method signature="test8()[pri:8, instance:TestCases.TC006_HealthInsuranceNewTest@6e9a5ed8]" started-at="2024-02-19T11:37:37 IST" name="test8" finished-at="2024-02-19T11:38:10 IST" duration-ms="32693" status="PASS">
          <reporter-output>
          </reporter-output>
        </test-method> <!-- test8 -->
        <test-method signature="test9()[pri:9, instance:TestCases.TC006_HealthInsuranceNewTest@6e9a5ed8]" started-at="2024-02-19T11:38:10 IST" name="test9" finished-at="2024-02-19T11:38:13 IST" duration-ms="3232" status="PASS">
          <reporter-output>
          </reporter-output>
        </test-method> <!-- test9 -->
        <test-method signature="test10()[pri:10, instance:TestCases.TC006_HealthInsuranceNewTest@6e9a5ed8]" started-at="2024-02-19T11:38:13 IST" name="test10" finished-at="2024-02-19T11:38:25 IST" duration-ms="11540" status="PASS">
          <reporter-output>
          </reporter-output>
        </test-method> <!-- test10 -->
        <test-method signature="test11()[pri:11, instance:TestCases.TC006_HealthInsuranceNewTest@6e9a5ed8]" started-at="2024-02-19T11:38:25 IST" name="test11" finished-at="2024-02-19T11:38:38 IST" duration-ms="12629" status="PASS">
          <reporter-output>
          </reporter-output>
        </test-method> <!-- test11 -->
        <test-method signature="test12()[pri:12, instance:TestCases.TC006_HealthInsuranceNewTest@6e9a5ed8]" started-at="2024-02-19T11:38:38 IST" name="test12" finished-at="2024-02-19T11:38:44 IST" duration-ms="6291" status="PASS">
          <reporter-output>
          </reporter-output>
        </test-method> <!-- test12 -->
        <test-method is-config="true" signature="TearDown()[pri:0, instance:TestCases.TC006_HealthInsuranceNewTest@6e9a5ed8]" started-at="2024-02-19T11:38:44 IST" name="TearDown" finished-at="2024-02-19T11:38:45 IST" duration-ms="1102" status="PASS">
          <reporter-output>
          </reporter-output>
        </test-method> <!-- TearDown -->
      </class> <!-- TestCases.TC006_HealthInsuranceNewTest -->
    </test> <!-- Test -->
    <test started-at="2024-02-19T11:38:46 IST" name="Test2" finished-at="2024-02-19T11:40:47 IST" duration-ms="121968">
      <class name="TestCases.TC006_HealthInsuranceNewTest">
        <test-method is-config="true" signature="Setup(java.lang.String,java.lang.String)[pri:0, instance:TestCases.TC006_HealthInsuranceNewTest@5965d37]" started-at="2024-02-19T11:38:46 IST" name="Setup" finished-at="2024-02-19T11:39:24 IST" duration-ms="38081" status="PASS">
          <params>
            <param index="0">
              <value>
                <![CDATA[edge]]>
              </value>
            </param>
            <param index="1">
              <value>
                <![CDATA[Windows]]>
              </value>
            </param>
          </params>
          <reporter-output>
          </reporter-output>
        </test-method> <!-- Setup -->
        <test-method signature="test1()[pri:1, instance:TestCases.TC006_HealthInsuranceNewTest@5965d37]" started-at="2024-02-19T11:39:24 IST" name="test1" finished-at="2024-02-19T11:39:29 IST" duration-ms="5471" status="PASS">
          <reporter-output>
          </reporter-output>
        </test-method> <!-- test1 -->
        <test-method signature="test2()[pri:2, instance:TestCases.TC006_HealthInsuranceNewTest@5965d37]" started-at="2024-02-19T11:39:29 IST" name="test2" finished-at="2024-02-19T11:39:32 IST" duration-ms="2360" status="PASS">
          <reporter-output>
          </reporter-output>
        </test-method> <!-- test2 -->
        <test-method signature="test3()[pri:3, instance:TestCases.TC006_HealthInsuranceNewTest@5965d37]" started-at="2024-02-19T11:39:32 IST" name="test3" finished-at="2024-02-19T11:39:32 IST" duration-ms="125" status="PASS">
          <reporter-output>
          </reporter-output>
        </test-method> <!-- test3 -->
        <test-method signature="test4()[pri:4, instance:TestCases.TC006_HealthInsuranceNewTest@5965d37]" started-at="2024-02-19T11:39:32 IST" name="test4" finished-at="2024-02-19T11:39:37 IST" duration-ms="4942" status="PASS">
          <reporter-output>
          </reporter-output>
        </test-method> <!-- test4 -->
        <test-method signature="test5()[pri:5, instance:TestCases.TC006_HealthInsuranceNewTest@5965d37]" started-at="2024-02-19T11:39:37 IST" name="test5" finished-at="2024-02-19T11:39:40 IST" duration-ms="2677" status="PASS">
          <reporter-output>
          </reporter-output>
        </test-method> <!-- test5 -->
        <test-method signature="test6()[pri:6, instance:TestCases.TC006_HealthInsuranceNewTest@5965d37]" started-at="2024-02-19T11:39:40 IST" name="test6" finished-at="2024-02-19T11:39:40 IST" duration-ms="152" status="PASS">
          <reporter-output>
          </reporter-output>
        </test-method> <!-- test6 -->
        <test-method signature="test7()[pri:7, instance:TestCases.TC006_HealthInsuranceNewTest@5965d37]" started-at="2024-02-19T11:39:40 IST" name="test7" finished-at="2024-02-19T11:39:42 IST" duration-ms="1325" status="PASS">
          <reporter-output>
          </reporter-output>
        </test-method> <!-- test7 -->
        <test-method signature="test8()[pri:8, instance:TestCases.TC006_HealthInsuranceNewTest@5965d37]" started-at="2024-02-19T11:39:42 IST" name="test8" finished-at="2024-02-19T11:40:13 IST" duration-ms="30773" status="PASS">
          <reporter-output>
          </reporter-output>
        </test-method> <!-- test8 -->
        <test-method signature="test9()[pri:9, instance:TestCases.TC006_HealthInsuranceNewTest@5965d37]" started-at="2024-02-19T11:40:13 IST" name="test9" finished-at="2024-02-19T11:40:16 IST" duration-ms="3377" status="PASS">
          <reporter-output>
          </reporter-output>
        </test-method> <!-- test9 -->
        <test-method signature="test10()[pri:10, instance:TestCases.TC006_HealthInsuranceNewTest@5965d37]" started-at="2024-02-19T11:40:16 IST" name="test10" finished-at="2024-02-19T11:40:28 IST" duration-ms="11524" status="PASS">
          <reporter-output>
          </reporter-output>
        </test-method> <!-- test10 -->
        <test-method signature="test11()[pri:11, instance:TestCases.TC006_HealthInsuranceNewTest@5965d37]" started-at="2024-02-19T11:40:28 IST" name="test11" finished-at="2024-02-19T11:40:40 IST" duration-ms="11784" status="PASS">
          <reporter-output>
          </reporter-output>
        </test-method> <!-- test11 -->
        <test-method signature="test12()[pri:12, instance:TestCases.TC006_HealthInsuranceNewTest@5965d37]" started-at="2024-02-19T11:40:40 IST" name="test12" finished-at="2024-02-19T11:40:46 IST" duration-ms="5937" status="PASS">
          <reporter-output>
          </reporter-output>
        </test-method> <!-- test12 -->
        <test-method is-config="true" signature="TearDown()[pri:0, instance:TestCases.TC006_HealthInsuranceNewTest@5965d37]" started-at="2024-02-19T11:40:46 IST" name="TearDown" finished-at="2024-02-19T11:40:47 IST" duration-ms="1336" status="PASS">
          <reporter-output>
          </reporter-output>
        </test-method> <!-- TearDown -->
      </class> <!-- TestCases.TC006_HealthInsuranceNewTest -->
    </test> <!-- Test2 -->
  </suite> <!-- Suite -->
</testng-results>
